# JRE version: Java(TM) SE Runtime Environment (17.0.1+12) (build 17.0.1+12-LTS-39)
# Java VM: Java HotSpot(TM) 64-Bit Server VM (17.0.1+12-LTS-39, mixed mode, sharing, tiered, compressed oops, compressed class ptrs, g1 gc, windows-amd64)
GC Precious Log:
 CPUs: 12 total, 12 available
 Memory: 15741M
 Large Page Support: Disabled
 NUMA Support: Disabled
 Compressed Oops: Enabled (Zero based)
 Heap Region Size: 2M
 Heap Min Capacity: 8M
 Heap Initial Capacity: 246M
 Heap Max Capacity: 3936M
 Pre-touch: Disabled
 Parallel Workers: 10
 Concurrent Workers: 3
 Concurrent Refinement Workers: 10
 Periodic GC: Disabled
Heap:
 garbage-first heap   total 69632K, used 37206K [0x000000070a000000, 0x0000000800000000)
  region size 2048K, 12 young (24576K), 3 survivors (6144K)
 Metaspace       used 43132K, committed 43648K, reserved 1089536K
  class space    used 5259K, committed 5504K, reserved 1048576K
GC Heap History (20 events):
Event: 1.842 GC heap before
{Heap before GC invocations=2 (full 0):
 garbage-first heap   total 251904K, used 56722K [0x000000070a000000, 0x0000000800000000)
  region size 2048K, 26 young (53248K), 1 survivors (2048K)
 Metaspace       used 21244K, committed 21504K, reserved 1073152K
  class space    used 2614K, committed 2752K, reserved 1048576K
}
Event: 1.845 GC heap after
{Heap after GC invocations=3 (full 0):
 garbage-first heap   total 251904K, used 10862K [0x000000070a000000, 0x0000000800000000)
  region size 2048K, 3 young (6144K), 3 survivors (6144K)
 Metaspace       used 21244K, committed 21504K, reserved 1073152K
  class space    used 2614K, committed 2752K, reserved 1048576K
}
Event: 2.307 GC heap before
{Heap before GC invocations=4 (full 0):
 garbage-first heap   total 49152K, used 33390K [0x000000070a000000, 0x0000000800000000)
  region size 2048K, 14 young (28672K), 3 survivors (6144K)
 Metaspace       used 24483K, committed 24768K, reserved 1073152K
  class space    used 3059K, committed 3200K, reserved 1048576K
}
Event: 2.314 GC heap after
{Heap after GC invocations=5 (full 0):
 garbage-first heap   total 49152K, used 12614K [0x000000070a000000, 0x0000000800000000)
  region size 2048K, 1 young (2048K), 1 survivors (2048K)
 Metaspace       used 24483K, committed 24768K, reserved 1073152K
  class space    used 3059K, committed 3200K, reserved 1048576K
}
Event: 2.358 GC heap before
{Heap before GC invocations=5 (full 0):
 garbage-first heap   total 49152K, used 14662K [0x000000070a000000, 0x0000000800000000)
  region size 2048K, 2 young (4096K), 1 survivors (2048K)
 Metaspace       used 25182K, committed 25536K, reserved 1073152K
  class space    used 3161K, committed 3328K, reserved 1048576K
}
Event: 2.361 GC heap after
{Heap after GC invocations=6 (full 0):
 garbage-first heap   total 49152K, used 13198K [0x000000070a000000, 0x0000000800000000)
  region size 2048K, 1 young (2048K), 1 survivors (2048K)
 Metaspace       used 25182K, committed 25536K, reserved 1073152K
  class space    used 3161K, committed 3328K, reserved 1048576K
}
Event: 2.654 GC heap before
{Heap before GC invocations=6 (full 0):
 garbage-first heap   total 49152K, used 29582K [0x000000070a000000, 0x0000000800000000)
  region size 2048K, 9 young (18432K), 1 survivors (2048K)
 Metaspace       used 28047K, committed 28416K, reserved 1081344K
  class space    used 3533K, committed 3712K, reserved 1048576K
}
Event: 2.655 GC heap after
{Heap after GC invocations=7 (full 0):
 garbage-first heap   total 49152K, used 14927K [0x000000070a000000, 0x0000000800000000)
  region size 2048K, 2 young (4096K), 2 survivors (4096K)
 Metaspace       used 28047K, committed 28416K, reserved 1081344K
  class space    used 3533K, committed 3712K, reserved 1048576K
}
Event: 2.830 GC heap before
{Heap before GC invocations=7 (full 0):
 garbage-first heap   total 49152K, used 29263K [0x000000070a000000, 0x0000000800000000)
  region size 2048K, 10 young (20480K), 2 survivors (4096K)
 Metaspace       used 29974K, committed 30464K, reserved 1081344K
  class space    used 3763K, committed 3968K, reserved 1048576K
}
Event: 2.832 GC heap after
{Heap after GC invocations=8 (full 0):
 garbage-first heap   total 49152K, used 15922K [0x000000070a000000, 0x0000000800000000)
  region size 2048K, 2 young (4096K), 2 survivors (4096K)
 Metaspace       used 29974K, committed 30464K, reserved 1081344K
  class space    used 3763K, committed 3968K, reserved 1048576K
}
Event: 3.065 GC heap before
{Heap before GC invocations=8 (full 0):
 garbage-first heap   total 49152K, used 32306K [0x000000070a000000, 0x0000000800000000)
  region size 2048K, 10 young (20480K), 2 survivors (4096K)
 Metaspace       used 34285K, committed 34752K, reserved 1081344K
  class space    used 4303K, committed 4544K, reserved 1048576K
}
Event: 3.067 GC heap after
{Heap after GC invocations=9 (full 0):
 garbage-first heap   total 49152K, used 17101K [0x000000070a000000, 0x0000000800000000)
  region size 2048K, 2 young (4096K), 2 survivors (4096K)
 Metaspace       used 34285K, committed 34752K, reserved 1081344K
  class space    used 4303K, committed 4544K, reserved 1048576K
}
Event: 3.146 GC heap before
{Heap before GC invocations=9 (full 0):
 garbage-first heap   total 49152K, used 31437K [0x000000070a000000, 0x0000000800000000)
  region size 2048K, 10 young (20480K), 2 survivors (4096K)
 Metaspace       used 34891K, committed 35392K, reserved 1081344K
  class space    used 4357K, committed 4608K, reserved 1048576K
}
Event: 3.147 GC heap after
{Heap after GC invocations=10 (full 0):
 garbage-first heap   total 49152K, used 17287K [0x000000070a000000, 0x0000000800000000)
  region size 2048K, 2 young (4096K), 2 survivors (4096K)
 Metaspace       used 34891K, committed 35392K, reserved 1081344K
  class space    used 4357K, committed 4608K, reserved 1048576K
}
Event: 3.197 GC heap before
{Heap before GC invocations=10 (full 0):
 garbage-first heap   total 49152K, used 31623K [0x000000070a000000, 0x0000000800000000)
  region size 2048K, 10 young (20480K), 2 survivors (4096K)
 Metaspace       used 35031K, committed 35520K, reserved 1081344K
  class space    used 4358K, committed 4608K, reserved 1048576K
}
Event: 3.199 GC heap after
{Heap after GC invocations=11 (full 0):
 garbage-first heap   total 151552K, used 17452K [0x000000070a000000, 0x0000000800000000)
  region size 2048K, 1 young (2048K), 1 survivors (2048K)
 Metaspace       used 35031K, committed 35520K, reserved 1081344K
  class space    used 4358K, committed 4608K, reserved 1048576K
}
Event: 3.300 GC heap before
{Heap before GC invocations=11 (full 0):
 garbage-first heap   total 151552K, used 29740K [0x000000070a000000, 0x0000000800000000)
  region size 2048K, 8 young (16384K), 1 survivors (2048K)
 Metaspace       used 35518K, committed 35968K, reserved 1081344K
  class space    used 4402K, committed 4608K, reserved 1048576K
}
Event: 3.301 GC heap after
{Heap after GC invocations=12 (full 0):
 garbage-first heap   total 151552K, used 17607K [0x000000070a000000, 0x0000000800000000)
  region size 2048K, 1 young (2048K), 1 survivors (2048K)
 Metaspace       used 35518K, committed 35968K, reserved 1081344K
  class space    used 4402K, committed 4608K, reserved 1048576K
}
Event: 3.864 GC heap before
{Heap before GC invocations=13 (full 0):
 garbage-first heap   total 69632K, used 56519K [0x000000070a000000, 0x0000000800000000)
  region size 2048K, 20 young (40960K), 1 survivors (2048K)
 Metaspace       used 39944K, committed 40384K, reserved 1089536K
  class space    used 4922K, committed 5120K, reserved 1048576K
}
Event: 3.867 GC heap after
{Heap after GC invocations=14 (full 0):
 garbage-first heap   total 69632K, used 20822K [0x000000070a000000, 0x0000000800000000)
  region size 2048K, 3 young (6144K), 3 survivors (6144K)
 Metaspace       used 39944K, committed 40384K, reserved 1089536K
  class space    used 4922K, committed 5120K, reserved 1048576K
}

